#
# There is insufficient memory for the Java Runtime Environment to continue.
# Native memory allocation (mmap) failed to map 100663296 bytes for G1 virtual space
# Possible reasons:
#   The system is out of physical RAM or swap space
#   The process is running with CompressedOops enabled, and the Java Heap may be blocking the growth of the native heap
# Possible solutions:
#   Reduce memory load on the system
#   Increase physical memory or swap space
#   Check if swap backing store is full
#   Decrease Java heap size (-Xmx/-Xms)
#   Decrease number of Java threads
#   Decrease Java thread stack sizes (-Xss)
#   Set larger code cache with -XX:ReservedCodeCacheSize=
#   JVM is running with Unscaled Compressed Oops mode in which the Java heap is
#     placed in the first 4GB address space. The Java Heap base address is the
#     maximum limit for the native heap growth. Please use -XX:HeapBaseMinAddress
#     to set the Java Heap base and to place the Java Heap above 4GB virtual address.
# This output file may be truncated or incomplete.
#
#  Out of Memory Error (os_windows.cpp:3600), pid=25012, tid=26176
#
# JRE version:  (21.0.2+13) (build )
# Java VM: Java HotSpot(TM) 64-Bit Server VM (21.0.2+13-LTS-58, mixed mode, sharing, tiered, compressed oops, compressed class ptrs, g1 gc, windows-amd64)
# No core dump will be written. Minidumps are not enabled by default on client versions of Windows
#

---------------  S U M M A R Y ------------

Command Line: -Dfile.encoding=UTF-8 -Dstdout.encoding=UTF-8 -Dstderr.encoding=UTF-8 -XX:+ShowCodeDetailsInExceptionMessages juegosPersonajes.JuegosPersonajes

Host: AMD Ryzen 7 3700U with Radeon Vega Mobile Gfx  , 8 cores, 5G,  Windows 11 , 64 bit Build 22621 (10.0.22621.3374)
Time: Tue May  7 11:16:06 2024 Hora estándar de Argentina elapsed time: 0.016529 seconds (0d 0h 0m 0s)

---------------  T H R E A D  ---------------

Current thread (0x000001fd5c4b95a0):  JavaThread "Unknown thread" [_thread_in_vm, id=26176, stack(0x000000c1add00000,0x000000c1ade00000) (1024K)]

Stack: [0x000000c1add00000,0x000000c1ade00000]
Native frames: (J=compiled Java code, j=interpreted, Vv=VM code, C=native code)
V  [jvm.dll+0x6cade9]
V  [jvm.dll+0x8569c1]
V  [jvm.dll+0x858d2e]
V  [jvm.dll+0x859413]
V  [jvm.dll+0x280e56]
V  [jvm.dll+0x6c74d5]
V  [jvm.dll+0x6bbeca]
V  [jvm.dll+0x355bca]
V  [jvm.dll+0x35d816]
V  [jvm.dll+0x3ae67e]
V  [jvm.dll+0x3ae928]
V  [jvm.dll+0x3295dc]
V  [jvm.dll+0x32a16b]
V  [jvm.dll+0x81efa9]
V  [jvm.dll+0x3bba01]
V  [jvm.dll+0x807928]
V  [jvm.dll+0x44f50e]
V  [jvm.dll+0x450e11]
C  [jli.dll+0x52a3]
C  [ucrtbase.dll+0x29333]
C  [KERNEL32.DLL+0x1257d]
C  [ntdll.dll+0x5aa48]


---------------  P R O C E S S  ---------------

Threads class SMR info:
_java_thread_list=0x00007ffaf8ccbb88, length=0, elements={
}

Java Threads: ( => current thread )
Total: 0

Other Threads:
  0x000001fd5c4ffda0 WorkerThread "GC Thread#0"                     [id=27196, stack(0x000000c1ade00000,0x000000c1adf00000) (1024K)]
  0x000001fd5c50cab0 ConcurrentGCThread "G1 Main Marker"            [id=24664, stack(0x000000c1adf00000,0x000000c1ae000000) (1024K)]
  0x000001fd5c50dc50 WorkerThread "G1 Conc#0"                       [id=20092, stack(0x000000c1ae000000,0x000000c1ae100000) (1024K)]

[error occurred during error reporting (printing all threads), id 0xc0000005, EXCEPTION_ACCESS_VIOLATION (0xc0000005) at pc=0x00007ffaf843c6a7]
VM state: not at safepoint (not fully initialized)

VM Mutex/Monitor currently owned by a thread:  ([mutex/lock_event])
[0x00007ffaf8d3ce68] Heap_lock - owner thread: 0x000001fd5c4b95a0

Heap address: 0x00000000a1c00000, size: 1508 MB, Compressed Oops mode: 32-bit

CDS archive(s) mapped at: [0x0000000000000000-0x0000000000000000-0x0000000000000000), size 0, SharedBaseAddress: 0x0000000800000000, ArchiveRelocationMode: 1.
Narrow klass base: 0x0000000000000000, Narrow klass shift: 0, Narrow klass range: 0x0

GC Precious Log:
 CardTable entry size: 512
 Card Set container configuration: InlinePtr #cards 5 size 8 Array Of Cards #cards 12 size 40 Howl #buckets 4 coarsen threshold 1843 Howl Bitmap #cards 512 size 80 coarsen threshold 460 Card regions per heap region 1 cards per card region 2048

Heap:
 garbage-first heap   total 0K, used 0K [0x00000000a1c00000, 0x0000000100000000)
  region size 1024K, 0 young (0K), 0 survivors (0K)

[error occurred during error reporting (printing heap information), id 0xc0000005, EXCEPTION_ACCESS_VIOLATION (0xc0000005) at pc=0x00007ffaf88239f9]
GC Heap History (0 events):
No events

Dll operation events (1 events):
Event: 0.009 Loaded shared library C:\Program Files\Java\jdk-21\bin\java.dll

Deoptimization events (0 events):
No events

Classes loaded (0 events):
No events

Classes unloaded (0 events):
No events

Classes redefined (0 events):
No events

Internal exceptions (0 events):
No events

ZGC Phase Switch (0 events):
No events

VM Operations (0 events):
No events

Events (0 events):
No events


Dynamic libraries:
0x00007ff67dd40000 - 0x00007ff67dd50000 	C:\Program Files\Java\jdk-21\bin\javaw.exe
0x00007ffb3a8f0000 - 0x00007ffb3ab06000 	C:\WINDOWS\SYSTEM32\ntdll.dll
0x00007ffb38790000 - 0x00007ffb38854000 	C:\WINDOWS\System32\KERNEL32.DLL
0x00007ffb37e30000 - 0x00007ffb381d7000 	C:\WINDOWS\System32\KERNELBASE.dll
0x00007ffb38490000 - 0x00007ffb385a1000 	C:\WINDOWS\System32\ucrtbase.dll
0x00007ffb254a0000 - 0x00007ffb254bb000 	C:\Program Files\Java\jdk-21\bin\VCRUNTIME140.dll
0x00007ffb25480000 - 0x00007ffb25499000 	C:\Program Files\Java\jdk-21\bin\jli.dll
0x00007ffb38ad0000 - 0x00007ffb38b82000 	C:\WINDOWS\System32\ADVAPI32.dll
0x00007ffb3a740000 - 0x00007ffb3a7e7000 	C:\WINDOWS\System32\msvcrt.dll
0x00007ffb3a2d0000 - 0x00007ffb3a378000 	C:\WINDOWS\System32\sechost.dll
0x00007ffb37e00000 - 0x00007ffb37e28000 	C:\WINDOWS\System32\bcrypt.dll
0x00007ffb38620000 - 0x00007ffb38735000 	C:\WINDOWS\System32\RPCRT4.dll
0x00007ffb39d50000 - 0x00007ffb39efe000 	C:\WINDOWS\System32\USER32.dll
0x00007ffb26080000 - 0x00007ffb26313000 	C:\WINDOWS\WinSxS\amd64_microsoft.windows.common-controls_6595b64144ccf1df_6.0.22621.3235_none_270f74e173860f98\COMCTL32.dll
0x00007ffb381e0000 - 0x00007ffb38206000 	C:\WINDOWS\System32\win32u.dll
0x00007ffb3a710000 - 0x00007ffb3a739000 	C:\WINDOWS\System32\GDI32.dll
0x00007ffb382d0000 - 0x00007ffb383e9000 	C:\WINDOWS\System32\gdi32full.dll
0x00007ffb383f0000 - 0x00007ffb3848a000 	C:\WINDOWS\System32\msvcp_win.dll
0x00007ffb2d4e0000 - 0x00007ffb2d4ea000 	C:\WINDOWS\SYSTEM32\VERSION.dll
0x00007ffb3a860000 - 0x00007ffb3a891000 	C:\WINDOWS\System32\IMM32.DLL
0x00007ffb30680000 - 0x00007ffb3068c000 	C:\Program Files\Java\jdk-21\bin\vcruntime140_1.dll
0x00007ffb242c0000 - 0x00007ffb2434e000 	C:\Program Files\Java\jdk-21\bin\msvcp140.dll
0x00007ffaf8100000 - 0x00007ffaf8e17000 	C:\Program Files\Java\jdk-21\bin\server\jvm.dll
0x00007ffb39030000 - 0x00007ffb390a1000 	C:\WINDOWS\System32\WS2_32.dll
0x00007ffb37ae0000 - 0x00007ffb37b2d000 	C:\WINDOWS\SYSTEM32\POWRPROF.dll
0x00007ffb305d0000 - 0x00007ffb30604000 	C:\WINDOWS\SYSTEM32\WINMM.dll
0x00007ffb37ac0000 - 0x00007ffb37ad3000 	C:\WINDOWS\SYSTEM32\UMPDC.dll
0x00007ffb36c50000 - 0x00007ffb36c68000 	C:\WINDOWS\SYSTEM32\kernel.appcore.dll
0x00007ffb34d30000 - 0x00007ffb34d3a000 	C:\Program Files\Java\jdk-21\bin\jimage.dll
0x00007ffb2e390000 - 0x00007ffb2e5c3000 	C:\WINDOWS\SYSTEM32\DBGHELP.DLL
0x00007ffb3a380000 - 0x00007ffb3a708000 	C:\WINDOWS\System32\combase.dll
0x00007ffb39f00000 - 0x00007ffb39fd7000 	C:\WINDOWS\System32\OLEAUT32.dll
0x00007ffb23340000 - 0x00007ffb23372000 	C:\WINDOWS\SYSTEM32\dbgcore.DLL
0x00007ffb37c10000 - 0x00007ffb37c89000 	C:\WINDOWS\System32\bcryptPrimitives.dll
0x00007ffb31c30000 - 0x00007ffb31c4f000 	C:\Program Files\Java\jdk-21\bin\java.dll

dbghelp: loaded successfully - version: 4.0.5 - missing functions: none
symbol engine: initialized successfully - sym options: 0x614 - pdb path: .;C:\Program Files\Java\jdk-21\bin;C:\WINDOWS\SYSTEM32;C:\WINDOWS\WinSxS\amd64_microsoft.windows.common-controls_6595b64144ccf1df_6.0.22621.3235_none_270f74e173860f98;C:\Program Files\Java\jdk-21\bin\server

VM Arguments:
jvm_args: -Dfile.encoding=UTF-8 -Dstdout.encoding=UTF-8 -Dstderr.encoding=UTF-8 -XX:+ShowCodeDetailsInExceptionMessages 
java_command: juegosPersonajes.JuegosPersonajes
java_class_path (initial): C:\Users\facun\Desktop\TrabajoPractico2_java\juegosPersonajes\bin
Launcher Type: SUN_STANDARD

[Global flags]
     intx CICompilerCount                          = 4                                         {product} {ergonomic}
     uint ConcGCThreads                            = 2                                         {product} {ergonomic}
     uint G1ConcRefinementThreads                  = 8                                         {product} {ergonomic}
   size_t G1HeapRegionSize                         = 1048576                                   {product} {ergonomic}
    uintx GCDrainStackTargetSize                   = 64                                        {product} {ergonomic}
   size_t InitialHeapSize                          = 100663296                                 {product} {ergonomic}
   size_t MarkStackSize                            = 4194304                                   {product} {ergonomic}
   size_t MaxHeapSize                              = 1581252608                                {product} {ergonomic}
   size_t MinHeapDeltaBytes                        = 1048576                                   {product} {ergonomic}
   size_t MinHeapSize                              = 8388608                                   {product} {ergonomic}
    uintx NonNMethodCodeHeapSize                   = 5839372                                {pd product} {ergonomic}
    uintx NonProfiledCodeHeapSize                  = 122909434                              {pd product} {ergonomic}
    uintx ProfiledCodeHeapSize                     = 122909434                              {pd product} {ergonomic}
    uintx ReservedCodeCacheSize                    = 251658240                              {pd product} {ergonomic}
     bool SegmentedCodeCache                       = true                                      {product} {ergonomic}
     bool ShowCodeDetailsInExceptionMessages       = true                                   {manageable} {command line}
   size_t SoftMaxHeapSize                          = 1581252608                             {manageable} {ergonomic}
     bool UseCompressedOops                        = true                           {product lp64_product} {ergonomic}
     bool UseG1GC                                  = true                                      {product} {ergonomic}
     bool UseLargePagesIndividualAllocation        = false                                  {pd product} {ergonomic}

Logging:
Log output configuration:
 #0: stdout all=warning uptime,level,tags foldmultilines=false
 #1: stderr all=off uptime,level,tags foldmultilines=false

Environment Variables:
JAVA_HOME=C:\Program Files\Java\jdk-21
PATH=C:/Program Files/Java/jdk-21/bin/server;C:/Program Files/Java/jdk-21/bin;C:\Program Files\Java\jdk-21\bin;C:\WINDOWS\system32;C:\WINDOWS;C:\WINDOWS\System32\Wbem;C:\WINDOWS\System32\WindowsPowerShell\v1.0\;C:\WINDOWS\System32\OpenSSH\;C:\Program Files\dotnet\;C:\Program Files\Git\cmd;C:\Program Files\nodejs\;C:\Users\facun\AppData\Local\Microsoft\WindowsApps;C:\Users\facun\AppData\Local\Programs\Microsoft VS Code\bin;C:\Users\facun\AppData\Roaming\npm;C:\Program Files\MongoDB\Server\6.0\bin;;C:\Users\facun\Desktop;
USERNAME=facun
OS=Windows_NT
PROCESSOR_IDENTIFIER=AMD64 Family 23 Model 24 Stepping 1, AuthenticAMD
TMP=C:\Users\facun\AppData\Local\Temp
TEMP=C:\Users\facun\AppData\Local\Temp




Periodic native trim disabled

---------------  S Y S T E M  ---------------

OS:
 Windows 11 , 64 bit Build 22621 (10.0.22621.3374)
OS uptime: 14 days 0:15 hours

CPU: total 8 (initial active 8) (8 cores per cpu, 2 threads per core) family 23 model 24 stepping 1 microcode 0x0, cx8, cmov, fxsr, ht, mmx, 3dnowpref, sse, sse2, sse3, ssse3, sse4a, sse4.1, sse4.2, popcnt, lzcnt, tsc, tscinvbit, avx, avx2, aes, clmul, bmi1, bmi2, adx, sha, fma, vzeroupper, clflush, clflushopt, rdtscp, f16c
Processor Information for all 8 processors :
  Max Mhz: 2300, Current Mhz: 2300, Mhz Limit: 2300

Memory: 4k page, system-wide physical 6030M (265M free)
TotalPageFile size 24449M (AvailPageFile size 24M)
current process WorkingSet (physical memory assigned to process): 11M, peak: 11M
current process commit charge ("private bytes"): 60M, peak: 156M

vm_info: Java HotSpot(TM) 64-Bit Server VM (21.0.2+13-LTS-58) for windows-amd64 JRE (21.0.2+13-LTS-58), built on 2024-01-05T18:32:24Z by "mach5one" with MS VC++ 17.1 (VS2022)

END.
