#
# There is insufficient memory for the Java Runtime Environment to continue.
# Native memory allocation (mmap) failed to map 65536 bytes for Failed to commit metaspace.
# Possible reasons:
#   The system is out of physical RAM or swap space
#   The process is running with CompressedOops enabled, and the Java Heap may be blocking the growth of the native heap
# Possible solutions:
#   Reduce memory load on the system
#   Increase physical memory or swap space
#   Check if swap backing store is full
#   Decrease Java heap size (-Xmx/-Xms)
#   Decrease number of Java threads
#   Decrease Java thread stack sizes (-Xss)
#   Set larger code cache with -XX:ReservedCodeCacheSize=
#   JVM is running with Unscaled Compressed Oops mode in which the Java heap is
#     placed in the first 4GB address space. The Java Heap base address is the
#     maximum limit for the native heap growth. Please use -XX:HeapBaseMinAddress
#     to set the Java Heap base and to place the Java Heap above 4GB virtual address.
# This output file may be truncated or incomplete.
#
#  Out of Memory Error (virtualSpaceNode.cpp:112), pid=25400, tid=14124
#
# JRE version: Java(TM) SE Runtime Environment (21.0.2+13) (build 21.0.2+13-LTS-58)
# Java VM: Java HotSpot(TM) 64-Bit Server VM (21.0.2+13-LTS-58, mixed mode, sharing, tiered, compressed oops, compressed class ptrs, g1 gc, windows-amd64)
# No core dump will be written. Minidumps are not enabled by default on client versions of Windows
#

---------------  S U M M A R Y ------------

Command Line: -Dfile.encoding=UTF-8 -Dstdout.encoding=UTF-8 -Dstderr.encoding=UTF-8 -XX:+ShowCodeDetailsInExceptionMessages juegosPersonajes.JuegosPersonajes

Host: AMD Ryzen 7 3700U with Radeon Vega Mobile Gfx  , 8 cores, 5G,  Windows 11 , 64 bit Build 22621 (10.0.22621.3374)
Time: Tue May  7 11:17:10 2024 Hora estándar de Argentina elapsed time: 0.769234 seconds (0d 0h 0m 0s)

---------------  T H R E A D  ---------------

Current thread (0x000002178b117ce0):  JavaThread "main"             [_thread_in_vm, id=14124, stack(0x000000723bd00000,0x000000723be00000) (1024K)]

Stack: [0x000000723bd00000,0x000000723be00000]
Native frames: (J=compiled Java code, j=interpreted, Vv=VM code, C=native code)
V  [jvm.dll+0x6cade9]
V  [jvm.dll+0x8569c1]
V  [jvm.dll+0x858d2e]
V  [jvm.dll+0x859413]
V  [jvm.dll+0x280e56]
V  [jvm.dll+0x8526ee]
V  [jvm.dll+0x66e705]
V  [jvm.dll+0x66e76a]
V  [jvm.dll+0x670f96]
V  [jvm.dll+0x670e62]
V  [jvm.dll+0x66f0de]
V  [jvm.dll+0x3be1bf]
V  [jvm.dll+0x20fbdb]
V  [jvm.dll+0x5ad406]
V  [jvm.dll+0x21f76a]
V  [jvm.dll+0x7cec21]
V  [jvm.dll+0x7cfc85]
V  [jvm.dll+0x7d0440]
V  [jvm.dll+0x218ecc]
V  [jvm.dll+0x20ddb7]
V  [jvm.dll+0x5ad3dc]
V  [jvm.dll+0x21f76a]
V  [jvm.dll+0x7cec21]
V  [jvm.dll+0x7cfc85]
V  [jvm.dll+0x7d022f]
V  [jvm.dll+0x7cfed8]
V  [jvm.dll+0x26ed7b]
V  [jvm.dll+0x3d3c0e]
C  0x000002179cbaa814

The last pc belongs to new (printed below).
Java frames: (J=compiled Java code, j=interpreted, Vv=VM code)
j  javax.swing.JOptionPane.createDialog(Ljava/awt/Component;Ljava/lang/String;I)Ljavax/swing/JDialog;+14 java.desktop@21.0.2
j  javax.swing.JOptionPane.showOptionDialog(Ljava/awt/Component;Ljava/lang/Object;Ljava/lang/String;IILjavax/swing/Icon;[Ljava/lang/Object;Ljava/lang/Object;)I+58 java.desktop@21.0.2
j  javax.swing.JOptionPane.showMessageDialog(Ljava/awt/Component;Ljava/lang/Object;Ljava/lang/String;ILjavax/swing/Icon;)V+9 java.desktop@21.0.2
j  juegosPersonajes.JuegosPersonajes.main([Ljava/lang/String;)V+19
v  ~StubRoutines::call_stub 0x000002179cb9100d
new  187 new  [0x000002179cbaa680, 0x000002179cbaa888]  520 bytes
[MachCode]
  0x000002179cbaa680: 4883 ec08 | c5fa 1104 | 24eb 1f48 | 83ec 10c5 | fb11 0424 | eb14 4883 | ec10 4889 | 0424 48c7 
  0x000002179cbaa6a0: 4424 0800 | 0000 00eb | 0150 410f | b755 010f | cac1 ea10 | 488b 4de8 | 488b 4908 | 488b 4908 
  0x000002179cbaa6c0: 488b 4108 | 807c 1004 | 070f 85d3 | 0000 0066 | 8b54 d148 | 488b 4928 | 488b 4cd1 | 0851 80b9 
  0x000002179cbaa6e0: 2001 0000 | 050f 85b6 | 0000 008b | 5108 f6c2 | 010f 85aa | 0000 0049 | 8b87 b801 | 0000 488d 
  0x000002179cbaa700: 1c10 493b | 9fc8 0100 | 000f 8792 | 0000 0049 | 899f b801 | 0000 4883 | ea10 0f84 | 0f00 0000 
  0x000002179cbaa720: 33c9 c1ea | 0348 894c | d008 48ff | ca75 f648 | c700 0100 | 0000 5933 | f689 700c | 49ba 0000 
  0x000002179cbaa740: 00aa 1702 | 0000 492b | ca89 4808 | 49ba fa45 | d2f8 fa7f | 0000 4180 | 3a00 0f84 | 3c00 0000 
  0x000002179cbaa760: 5048 8bc8 | 4883 ec20 | 40f6 c40f | 0f84 1900 | 0000 4883 | ec08 48b8 | 8009 83f8 | fa7f 0000 
  0x000002179cbaa780: ffd0 4883 | c408 e90c | 0000 0048 | b880 0983 | f8fa 7f00 | 00ff d048 | 83c4 2058 | e9cb 0000 
  0x000002179cbaa7a0: 0059 488b | 55e8 488b | 5208 488b | 5208 450f | b745 0141 | 0fc8 41c1 | e810 e805 | 0000 00e9 
  0x000002179cbaa7c0: a800 0000 | 488d 4424 | 084c 896d | c049 8bcf | c5f8 7749 | 89af a803 | 0000 4989 | 8798 0300 
  0x000002179cbaa7e0: 0048 83ec | 2040 f6c4 | 0f0f 8419 | 0000 0048 | 83ec 0848 | b8c0 3b4d | f8fa 7f00 | 00ff d048 
  0x000002179cbaa800: 83c4 08e9 | 0c00 0000 | 48b8 c03b | 4df8 fa7f | 0000 ffd0 | 4883 c420 | 49c7 8798 | 0300 0000 
  0x000002179cbaa820: 0000 0049 | c787 a803 | 0000 0000 | 0000 49c7 | 87a0 0300 | 0000 0000 | 00c5 f877 | 4983 7f08 
  0x000002179cbaa840: 000f 8405 | 0000 00e9 | b466 feff | 498b 87f0 | 0300 0049 | c787 f003 | 0000 0000 | 0000 4c8b 
  0x000002179cbaa860: 6dc0 4c8b | 75c8 4e8d | 74f5 00c3 | 410f b65d | 0349 83c5 | 0349 ba00 | 07d5 f8fa | 7f00 0041 
  0x000002179cbaa880: ff24 da0f | 1f44 0000 
[/MachCode]

---------------  P R O C E S S  ---------------

Threads class SMR info:
_java_thread_list=0x00000217a9676f80, length=16, elements={
0x000002178b117ce0, 0x00000217a912a5b0, 0x00000217a912bb60, 0x00000217a912efb0,
0x00000217a9131630, 0x00000217a9132b10, 0x00000217a9137dd0, 0x00000217a9140ef0,
0x00000217a913fa50, 0x00000217a93ef610, 0x00000217a93fa2c0, 0x00000217a959b900,
0x00000217a95a1590, 0x00000217a95a21e0, 0x00000217a95b3c80, 0x00000217f0047150
}

Java Threads: ( => current thread )
=>0x000002178b117ce0 JavaThread "main"                              [_thread_in_vm, id=14124, stack(0x000000723bd00000,0x000000723be00000) (1024K)]
  0x00000217a912a5b0 JavaThread "Reference Handler"          daemon [_thread_blocked, id=16572, stack(0x000000723c500000,0x000000723c600000) (1024K)]
  0x00000217a912bb60 JavaThread "Finalizer"                  daemon [_thread_blocked, id=16092, stack(0x000000723c600000,0x000000723c700000) (1024K)]
  0x00000217a912efb0 JavaThread "Signal Dispatcher"          daemon [_thread_blocked, id=22944, stack(0x000000723c700000,0x000000723c800000) (1024K)]
  0x00000217a9131630 JavaThread "Attach Listener"            daemon [_thread_blocked, id=25652, stack(0x000000723c800000,0x000000723c900000) (1024K)]
  0x00000217a9132b10 JavaThread "Service Thread"             daemon [_thread_blocked, id=24424, stack(0x000000723c900000,0x000000723ca00000) (1024K)]
  0x00000217a9137dd0 JavaThread "Monitor Deflation Thread"   daemon [_thread_blocked, id=13084, stack(0x000000723ca00000,0x000000723cb00000) (1024K)]
  0x00000217a9140ef0 JavaThread "C2 CompilerThread0"         daemon [_thread_blocked, id=27636, stack(0x000000723cb00000,0x000000723cc00000) (1024K)]
  0x00000217a913fa50 JavaThread "C1 CompilerThread0"         daemon [_thread_blocked, id=19436, stack(0x000000723cc00000,0x000000723cd00000) (1024K)]
  0x00000217a93ef610 JavaThread "Notification Thread"        daemon [_thread_blocked, id=5920, stack(0x000000723cd00000,0x000000723ce00000) (1024K)]
  0x00000217a93fa2c0 JavaThread "Common-Cleaner"             daemon [_thread_blocked, id=23220, stack(0x000000723ce00000,0x000000723cf00000) (1024K)]
  0x00000217a959b900 JavaThread "Java2D Disposer"            daemon [_thread_blocked, id=25244, stack(0x000000723cf00000,0x000000723d000000) (1024K)]
  0x00000217a95a1590 JavaThread "AWT-Shutdown"                      [_thread_blocked, id=8944, stack(0x000000723d000000,0x000000723d100000) (1024K)]
  0x00000217a95a21e0 JavaThread "AWT-Windows"                daemon [_thread_in_native, id=26556, stack(0x000000723d100000,0x000000723d200000) (1024K)]
  0x00000217a95b3c80 JavaThread "Image Fetcher 0"            daemon [_thread_blocked, id=10668, stack(0x000000723d200000,0x000000723d300000) (1024K)]
  0x00000217f0047150 JavaThread "AWT-EventQueue-0"                  [_thread_blocked, id=19052, stack(0x000000723d300000,0x000000723d400000) (1024K)]
Total: 16

Other Threads:
  0x00000217a910e780 VMThread "VM Thread"                           [id=24172, stack(0x000000723c400000,0x000000723c500000) (1024K)]
  0x00000217a90f7850 WatcherThread "VM Periodic Task Thread"        [id=24680, stack(0x000000723c300000,0x000000723c400000) (1024K)]
  0x000002178d23b210 WorkerThread "GC Thread#0"                     [id=10384, stack(0x000000723be00000,0x000000723bf00000) (1024K)]
  0x000002178d248680 ConcurrentGCThread "G1 Main Marker"            [id=25816, stack(0x000000723bf00000,0x000000723c000000) (1024K)]
  0x000002178d249ad0 WorkerThread "G1 Conc#0"                       [id=15352, stack(0x000000723c000000,0x000000723c100000) (1024K)]
  0x000002178d2b6730 ConcurrentGCThread "G1 Refine#0"               [id=26472, stack(0x000000723c100000,0x000000723c200000) (1024K)]
  0x00000217a8fd13f0 ConcurrentGCThread "G1 Service"                [id=16468, stack(0x000000723c200000,0x000000723c300000) (1024K)]
Total: 7

Threads with active compile tasks:
Total: 0

VM state: not at safepoint (normal execution)

VM Mutex/Monitor currently owned by a thread:  ([mutex/lock_event])
[0x00007ffaf8d3ace8] Metaspace_lock - owner thread: 0x000002178b117ce0

Heap address: 0x00000000a1c00000, size: 1508 MB, Compressed Oops mode: 32-bit

CDS archive(s) mapped at: [0x00000217aa000000-0x00000217aac90000-0x00000217aac90000), size 13172736, SharedBaseAddress: 0x00000217aa000000, ArchiveRelocationMode: 1.
Compressed class space mapped at: 0x00000217ab000000-0x00000217eb000000, reserved size: 1073741824
Narrow klass base: 0x00000217aa000000, Narrow klass shift: 0, Narrow klass range: 0x100000000

GC Precious Log:
 CardTable entry size: 512
 Card Set container configuration: InlinePtr #cards 5 size 8 Array Of Cards #cards 12 size 40 Howl #buckets 4 coarsen threshold 1843 Howl Bitmap #cards 512 size 80 coarsen threshold 460 Card regions per heap region 1 cards per card region 2048
 CPUs: 8 total, 8 available
 Memory: 6030M
 Large Page Support: Disabled
 NUMA Support: Disabled
 Compressed Oops: Enabled (32-bit)
 Heap Region Size: 1M
 Heap Min Capacity: 8M
 Heap Initial Capacity: 96M
 Heap Max Capacity: 1508M
 Pre-touch: Disabled
 Parallel Workers: 8
 Concurrent Workers: 2
 Concurrent Refinement Workers: 8
 Periodic GC: Disabled

Heap:
 garbage-first heap   total 98304K, used 14336K [0x00000000a1c00000, 0x0000000100000000)
  region size 1024K, 11 young (11264K), 0 survivors (0K)
 Metaspace       used 5979K, committed 6144K, reserved 1114112K
  class space    used 604K, committed 704K, reserved 1048576K

Heap Regions: E=young(eden), S=young(survivor), O=old, HS=humongous(starts), HC=humongous(continues), CS=collection set, F=free, TAMS=top-at-mark-start, PB=parsable bottom
|   0|0x00000000a1c00000, 0x00000000a1d00000, 0x00000000a1d00000|100%|HS|  |TAMS 0x00000000a1c00000| PB 0x00000000a1c00000| Complete 
|   1|0x00000000a1d00000, 0x00000000a1e00000, 0x00000000a1e00000|100%|HC|  |TAMS 0x00000000a1d00000| PB 0x00000000a1d00000| Complete 
|   2|0x00000000a1e00000, 0x00000000a1f00000, 0x00000000a1f00000|100%|HC|  |TAMS 0x00000000a1e00000| PB 0x00000000a1e00000| Complete 
|   3|0x00000000a1f00000, 0x00000000a2000000, 0x00000000a2000000|100%|HC|  |TAMS 0x00000000a1f00000| PB 0x00000000a1f00000| Complete 
|   4|0x00000000a2000000, 0x00000000a2000000, 0x00000000a2100000|  0%| F|  |TAMS 0x00000000a2000000| PB 0x00000000a2000000| Untracked 
|   5|0x00000000a2100000, 0x00000000a2100000, 0x00000000a2200000|  0%| F|  |TAMS 0x00000000a2100000| PB 0x00000000a2100000| Untracked 
|   6|0x00000000a2200000, 0x00000000a2200000, 0x00000000a2300000|  0%| F|  |TAMS 0x00000000a2200000| PB 0x00000000a2200000| Untracked 
|   7|0x00000000a2300000, 0x00000000a2300000, 0x00000000a2400000|  0%| F|  |TAMS 0x00000000a2300000| PB 0x00000000a2300000| Untracked 
|   8|0x00000000a2400000, 0x00000000a2400000, 0x00000000a2500000|  0%| F|  |TAMS 0x00000000a2400000| PB 0x00000000a2400000| Untracked 
|   9|0x00000000a2500000, 0x00000000a2500000, 0x00000000a2600000|  0%| F|  |TAMS 0x00000000a2500000| PB 0x00000000a2500000| Untracked 
|  10|0x00000000a2600000, 0x00000000a2600000, 0x00000000a2700000|  0%| F|  |TAMS 0x00000000a2600000| PB 0x00000000a2600000| Untracked 
|  11|0x00000000a2700000, 0x00000000a2700000, 0x00000000a2800000|  0%| F|  |TAMS 0x00000000a2700000| PB 0x00000000a2700000| Untracked 
|  12|0x00000000a2800000, 0x00000000a2800000, 0x00000000a2900000|  0%| F|  |TAMS 0x00000000a2800000| PB 0x00000000a2800000| Untracked 
|  13|0x00000000a2900000, 0x00000000a2900000, 0x00000000a2a00000|  0%| F|  |TAMS 0x00000000a2900000| PB 0x00000000a2900000| Untracked 
|  14|0x00000000a2a00000, 0x00000000a2a00000, 0x00000000a2b00000|  0%| F|  |TAMS 0x00000000a2a00000| PB 0x00000000a2a00000| Untracked 
|  15|0x00000000a2b00000, 0x00000000a2b00000, 0x00000000a2c00000|  0%| F|  |TAMS 0x00000000a2b00000| PB 0x00000000a2b00000| Untracked 
|  16|0x00000000a2c00000, 0x00000000a2c00000, 0x00000000a2d00000|  0%| F|  |TAMS 0x00000000a2c00000| PB 0x00000000a2c00000| Untracked 
|  17|0x00000000a2d00000, 0x00000000a2d00000, 0x00000000a2e00000|  0%| F|  |TAMS 0x00000000a2d00000| PB 0x00000000a2d00000| Untracked 
|  18|0x00000000a2e00000, 0x00000000a2e00000, 0x00000000a2f00000|  0%| F|  |TAMS 0x00000000a2e00000| PB 0x00000000a2e00000| Untracked 
|  19|0x00000000a2f00000, 0x00000000a2f00000, 0x00000000a3000000|  0%| F|  |TAMS 0x00000000a2f00000| PB 0x00000000a2f00000| Untracked 
|  20|0x00000000a3000000, 0x00000000a3000000, 0x00000000a3100000|  0%| F|  |TAMS 0x00000000a3000000| PB 0x00000000a3000000| Untracked 
|  21|0x00000000a3100000, 0x00000000a3100000, 0x00000000a3200000|  0%| F|  |TAMS 0x00000000a3100000| PB 0x00000000a3100000| Untracked 
|  22|0x00000000a3200000, 0x00000000a3200000, 0x00000000a3300000|  0%| F|  |TAMS 0x00000000a3200000| PB 0x00000000a3200000| Untracked 
|  23|0x00000000a3300000, 0x00000000a3300000, 0x00000000a3400000|  0%| F|  |TAMS 0x00000000a3300000| PB 0x00000000a3300000| Untracked 
|  24|0x00000000a3400000, 0x00000000a3400000, 0x00000000a3500000|  0%| F|  |TAMS 0x00000000a3400000| PB 0x00000000a3400000| Untracked 
|  25|0x00000000a3500000, 0x00000000a3500000, 0x00000000a3600000|  0%| F|  |TAMS 0x00000000a3500000| PB 0x00000000a3500000| Untracked 
|  26|0x00000000a3600000, 0x00000000a3600000, 0x00000000a3700000|  0%| F|  |TAMS 0x00000000a3600000| PB 0x00000000a3600000| Untracked 
|  27|0x00000000a3700000, 0x00000000a3700000, 0x00000000a3800000|  0%| F|  |TAMS 0x00000000a3700000| PB 0x00000000a3700000| Untracked 
|  28|0x00000000a3800000, 0x00000000a3800000, 0x00000000a3900000|  0%| F|  |TAMS 0x00000000a3800000| PB 0x00000000a3800000| Untracked 
|  29|0x00000000a3900000, 0x00000000a3900000, 0x00000000a3a00000|  0%| F|  |TAMS 0x00000000a3900000| PB 0x00000000a3900000| Untracked 
|  30|0x00000000a3a00000, 0x00000000a3a00000, 0x00000000a3b00000|  0%| F|  |TAMS 0x00000000a3a00000| PB 0x00000000a3a00000| Untracked 
|  31|0x00000000a3b00000, 0x00000000a3b00000, 0x00000000a3c00000|  0%| F|  |TAMS 0x00000000a3b00000| PB 0x00000000a3b00000| Untracked 
|  32|0x00000000a3c00000, 0x00000000a3c00000, 0x00000000a3d00000|  0%| F|  |TAMS 0x00000000a3c00000| PB 0x00000000a3c00000| Untracked 
|  33|0x00000000a3d00000, 0x00000000a3d00000, 0x00000000a3e00000|  0%| F|  |TAMS 0x00000000a3d00000| PB 0x00000000a3d00000| Untracked 
|  34|0x00000000a3e00000, 0x00000000a3e00000, 0x00000000a3f00000|  0%| F|  |TAMS 0x00000000a3e00000| PB 0x00000000a3e00000| Untracked 
|  35|0x00000000a3f00000, 0x00000000a3f00000, 0x00000000a4000000|  0%| F|  |TAMS 0x00000000a3f00000| PB 0x00000000a3f00000| Untracked 
|  36|0x00000000a4000000, 0x00000000a4000000, 0x00000000a4100000|  0%| F|  |TAMS 0x00000000a4000000| PB 0x00000000a4000000| Untracked 
|  37|0x00000000a4100000, 0x00000000a4100000, 0x00000000a4200000|  0%| F|  |TAMS 0x00000000a4100000| PB 0x00000000a4100000| Untracked 
|  38|0x00000000a4200000, 0x00000000a4200000, 0x00000000a4300000|  0%| F|  |TAMS 0x00000000a4200000| PB 0x00000000a4200000| Untracked 
|  39|0x00000000a4300000, 0x00000000a4300000, 0x00000000a4400000|  0%| F|  |TAMS 0x00000000a4300000| PB 0x00000000a4300000| Untracked 
|  40|0x00000000a4400000, 0x00000000a4400000, 0x00000000a4500000|  0%| F|  |TAMS 0x00000000a4400000| PB 0x00000000a4400000| Untracked 
|  41|0x00000000a4500000, 0x00000000a4500000, 0x00000000a4600000|  0%| F|  |TAMS 0x00000000a4500000| PB 0x00000000a4500000| Untracked 
|  42|0x00000000a4600000, 0x00000000a4600000, 0x00000000a4700000|  0%| F|  |TAMS 0x00000000a4600000| PB 0x00000000a4600000| Untracked 
|  43|0x00000000a4700000, 0x00000000a4700000, 0x00000000a4800000|  0%| F|  |TAMS 0x00000000a4700000| PB 0x00000000a4700000| Untracked 
|  44|0x00000000a4800000, 0x00000000a4800000, 0x00000000a4900000|  0%| F|  |TAMS 0x00000000a4800000| PB 0x00000000a4800000| Untracked 
|  45|0x00000000a4900000, 0x00000000a4900000, 0x00000000a4a00000|  0%| F|  |TAMS 0x00000000a4900000| PB 0x00000000a4900000| Untracked 
|  46|0x00000000a4a00000, 0x00000000a4a00000, 0x00000000a4b00000|  0%| F|  |TAMS 0x00000000a4a00000| PB 0x00000000a4a00000| Untracked 
|  47|0x00000000a4b00000, 0x00000000a4b00000, 0x00000000a4c00000|  0%| F|  |TAMS 0x00000000a4b00000| PB 0x00000000a4b00000| Untracked 
|  48|0x00000000a4c00000, 0x00000000a4c00000, 0x00000000a4d00000|  0%| F|  |TAMS 0x00000000a4c00000| PB 0x00000000a4c00000| Untracked 
|  49|0x00000000a4d00000, 0x00000000a4d00000, 0x00000000a4e00000|  0%| F|  |TAMS 0x00000000a4d00000| PB 0x00000000a4d00000| Untracked 
|  50|0x00000000a4e00000, 0x00000000a4e00000, 0x00000000a4f00000|  0%| F|  |TAMS 0x00000000a4e00000| PB 0x00000000a4e00000| Untracked 
|  51|0x00000000a4f00000, 0x00000000a4f00000, 0x00000000a5000000|  0%| F|  |TAMS 0x00000000a4f00000| PB 0x00000000a4f00000| Untracked 
|  52|0x00000000a5000000, 0x00000000a5000000, 0x00000000a5100000|  0%| F|  |TAMS 0x00000000a5000000| PB 0x00000000a5000000| Untracked 
|  53|0x00000000a5100000, 0x00000000a5100000, 0x00000000a5200000|  0%| F|  |TAMS 0x00000000a5100000| PB 0x00000000a5100000| Untracked 
|  54|0x00000000a5200000, 0x00000000a5200000, 0x00000000a5300000|  0%| F|  |TAMS 0x00000000a5200000| PB 0x00000000a5200000| Untracked 
|  55|0x00000000a5300000, 0x00000000a5300000, 0x00000000a5400000|  0%| F|  |TAMS 0x00000000a5300000| PB 0x00000000a5300000| Untracked 
|  56|0x00000000a5400000, 0x00000000a5400000, 0x00000000a5500000|  0%| F|  |TAMS 0x00000000a5400000| PB 0x00000000a5400000| Untracked 
|  57|0x00000000a5500000, 0x00000000a5500000, 0x00000000a5600000|  0%| F|  |TAMS 0x00000000a5500000| PB 0x00000000a5500000| Untracked 
|  58|0x00000000a5600000, 0x00000000a5600000, 0x00000000a5700000|  0%| F|  |TAMS 0x00000000a5600000| PB 0x00000000a5600000| Untracked 
|  59|0x00000000a5700000, 0x00000000a5700000, 0x00000000a5800000|  0%| F|  |TAMS 0x00000000a5700000| PB 0x00000000a5700000| Untracked 
|  60|0x00000000a5800000, 0x00000000a5800000, 0x00000000a5900000|  0%| F|  |TAMS 0x00000000a5800000| PB 0x00000000a5800000| Untracked 
|  61|0x00000000a5900000, 0x00000000a5900000, 0x00000000a5a00000|  0%| F|  |TAMS 0x00000000a5900000| PB 0x00000000a5900000| Untracked 
|  62|0x00000000a5a00000, 0x00000000a5a00000, 0x00000000a5b00000|  0%| F|  |TAMS 0x00000000a5a00000| PB 0x00000000a5a00000| Untracked 
|  63|0x00000000a5b00000, 0x00000000a5b00000, 0x00000000a5c00000|  0%| F|  |TAMS 0x00000000a5b00000| PB 0x00000000a5b00000| Untracked 
|  64|0x00000000a5c00000, 0x00000000a5c00000, 0x00000000a5d00000|  0%| F|  |TAMS 0x00000000a5c00000| PB 0x00000000a5c00000| Untracked 
|  65|0x00000000a5d00000, 0x00000000a5d00000, 0x00000000a5e00000|  0%| F|  |TAMS 0x00000000a5d00000| PB 0x00000000a5d00000| Untracked 
|  66|0x00000000a5e00000, 0x00000000a5e00000, 0x00000000a5f00000|  0%| F|  |TAMS 0x00000000a5e00000| PB 0x00000000a5e00000| Untracked 
|  67|0x00000000a5f00000, 0x00000000a5f00000, 0x00000000a6000000|  0%| F|  |TAMS 0x00000000a5f00000| PB 0x00000000a5f00000| Untracked 
|  68|0x00000000a6000000, 0x00000000a6000000, 0x00000000a6100000|  0%| F|  |TAMS 0x00000000a6000000| PB 0x00000000a6000000| Untracked 
|  69|0x00000000a6100000, 0x00000000a6100000, 0x00000000a6200000|  0%| F|  |TAMS 0x00000000a6100000| PB 0x00000000a6100000| Untracked 
|  70|0x00000000a6200000, 0x00000000a6200000, 0x00000000a6300000|  0%| F|  |TAMS 0x00000000a6200000| PB 0x00000000a6200000| Untracked 
|  71|0x00000000a6300000, 0x00000000a6300000, 0x00000000a6400000|  0%| F|  |TAMS 0x00000000a6300000| PB 0x00000000a6300000| Untracked 
|  72|0x00000000a6400000, 0x00000000a6400000, 0x00000000a6500000|  0%| F|  |TAMS 0x00000000a6400000| PB 0x00000000a6400000| Untracked 
|  73|0x00000000a6500000, 0x00000000a6500000, 0x00000000a6600000|  0%| F|  |TAMS 0x00000000a6500000| PB 0x00000000a6500000| Untracked 
|  74|0x00000000a6600000, 0x00000000a6600000, 0x00000000a6700000|  0%| F|  |TAMS 0x00000000a6600000| PB 0x00000000a6600000| Untracked 
|  75|0x00000000a6700000, 0x00000000a6700000, 0x00000000a6800000|  0%| F|  |TAMS 0x00000000a6700000| PB 0x00000000a6700000| Untracked 
|  76|0x00000000a6800000, 0x00000000a6800000, 0x00000000a6900000|  0%| F|  |TAMS 0x00000000a6800000| PB 0x00000000a6800000| Untracked 
|  77|0x00000000a6900000, 0x00000000a6900000, 0x00000000a6a00000|  0%| F|  |TAMS 0x00000000a6900000| PB 0x00000000a6900000| Untracked 
|  78|0x00000000a6a00000, 0x00000000a6a00000, 0x00000000a6b00000|  0%| F|  |TAMS 0x00000000a6a00000| PB 0x00000000a6a00000| Untracked 
|  79|0x00000000a6b00000, 0x00000000a6b00000, 0x00000000a6c00000|  0%| F|  |TAMS 0x00000000a6b00000| PB 0x00000000a6b00000| Untracked 
|  80|0x00000000a6c00000, 0x00000000a6c00000, 0x00000000a6d00000|  0%| F|  |TAMS 0x00000000a6c00000| PB 0x00000000a6c00000| Untracked 
|  81|0x00000000a6d00000, 0x00000000a6d00000, 0x00000000a6e00000|  0%| F|  |TAMS 0x00000000a6d00000| PB 0x00000000a6d00000| Untracked 
|  82|0x00000000a6e00000, 0x00000000a6e00000, 0x00000000a6f00000|  0%| F|  |TAMS 0x00000000a6e00000| PB 0x00000000a6e00000| Untracked 
|  83|0x00000000a6f00000, 0x00000000a6f00000, 0x00000000a7000000|  0%| F|  |TAMS 0x00000000a6f00000| PB 0x00000000a6f00000| Untracked 
|  84|0x00000000a7000000, 0x00000000a7000000, 0x00000000a7100000|  0%| F|  |TAMS 0x00000000a7000000| PB 0x00000000a7000000| Untracked 
|  85|0x00000000a7100000, 0x00000000a7200000, 0x00000000a7200000|100%| E|  |TAMS 0x00000000a7100000| PB 0x00000000a7100000| Complete 
|  86|0x00000000a7200000, 0x00000000a7300000, 0x00000000a7300000|100%| E|CS|TAMS 0x00000000a7200000| PB 0x00000000a7200000| Complete 
|  87|0x00000000a7300000, 0x00000000a7400000, 0x00000000a7400000|100%| E|CS|TAMS 0x00000000a7300000| PB 0x00000000a7300000| Complete 
|  88|0x00000000a7400000, 0x00000000a7500000, 0x00000000a7500000|100%| E|CS|TAMS 0x00000000a7400000| PB 0x00000000a7400000| Complete 
|  89|0x00000000a7500000, 0x00000000a7600000, 0x00000000a7600000|100%| E|CS|TAMS 0x00000000a7500000| PB 0x00000000a7500000| Complete 
|  90|0x00000000a7600000, 0x00000000a7700000, 0x00000000a7700000|100%| E|CS|TAMS 0x00000000a7600000| PB 0x00000000a7600000| Complete 
|  91|0x00000000a7700000, 0x00000000a7800000, 0x00000000a7800000|100%| E|CS|TAMS 0x00000000a7700000| PB 0x00000000a7700000| Complete 
|  92|0x00000000a7800000, 0x00000000a7900000, 0x00000000a7900000|100%| E|CS|TAMS 0x00000000a7800000| PB 0x00000000a7800000| Complete 
|  93|0x00000000a7900000, 0x00000000a7a00000, 0x00000000a7a00000|100%| E|CS|TAMS 0x00000000a7900000| PB 0x00000000a7900000| Complete 
|  94|0x00000000a7a00000, 0x00000000a7b00000, 0x00000000a7b00000|100%| E|CS|TAMS 0x00000000a7a00000| PB 0x00000000a7a00000| Complete 
|  95|0x00000000a7b00000, 0x00000000a7c00000, 0x00000000a7c00000|100%| E|CS|TAMS 0x00000000a7b00000| PB 0x00000000a7b00000| Complete 

Card table byte_map: [0x00000217a4ca0000,0x00000217a4fa0000] _byte_map_base: 0x00000217a4792000

Marking Bits: (CMBitMap*) 0x000002178d23c120
 Bits: [0x00000217a4fa0000, 0x00000217a6730000)

Polling page: 0x000002178c9c0000

Metaspace:

Usage:
  Non-class:      5.25 MB used.
      Class:    604.28 KB used.
       Both:      5.84 MB used.

Virtual space:
  Non-class space:       64.00 MB reserved,       5.31 MB (  8%) committed,  1 nodes.
      Class space:        1.00 GB reserved,     704.00 KB ( <1%) committed,  1 nodes.
             Both:        1.06 GB reserved,       6.00 MB ( <1%) committed. 

Chunk freelists:
   Non-Class:  10.38 MB
       Class:  15.25 MB
        Both:  25.63 MB

MaxMetaspaceSize: unlimited
CompressedClassSpaceSize: 1.00 GB
Initial GC threshold: 21.00 MB
Current GC threshold: 21.00 MB
CDS: on
 - commit_granule_bytes: 65536.
 - commit_granule_words: 8192.
 - virtual_space_node_default_size: 8388608.
 - enlarge_chunks_in_place: 1.
 - use_allocation_guard: 0.


Internal statistics:

num_allocs_failed_limit: 0.
num_arena_births: 126.
num_arena_deaths: 0.
num_vsnodes_births: 2.
num_vsnodes_deaths: 0.
num_space_committed: 96.
num_space_uncommitted: 0.
num_chunks_returned_to_freelist: 0.
num_chunks_taken_from_freelist: 148.
num_chunk_merges: 0.
num_chunk_splits: 92.
num_chunks_enlarged: 40.
num_inconsistent_stats: 0.

CodeHeap 'non-profiled nmethods': size=120000Kb used=204Kb max_used=204Kb free=119796Kb
 bounds [0x000002179d130000, 0x000002179d3a0000, 0x00000217a4660000]
CodeHeap 'profiled nmethods': size=120000Kb used=1235Kb max_used=1235Kb free=118764Kb
 bounds [0x0000021795660000, 0x00000217958d0000, 0x000002179cb90000]
CodeHeap 'non-nmethods': size=5760Kb used=1472Kb max_used=1472Kb free=4287Kb
 bounds [0x000002179cb90000, 0x000002179ce00000, 0x000002179d130000]
 total_blobs=1327 nmethods=771 adapters=461
 compilation: enabled
              stopped_count=0, restarted_count=0
 full_count=0

Compilation events (20 events):
Event: 0.757 Thread 0x00000217a913fa50  761       3       java.lang.Integer::valueOf (32 bytes)
Event: 0.757 Thread 0x00000217a913fa50 nmethod 761 0x0000021795791210 code [0x00000217957913e0, 0x00000217957916f0]
Event: 0.757 Thread 0x00000217a913fa50  762       1       java.beans.PropertyChangeEvent::getPropertyName (5 bytes)
Event: 0.757 Thread 0x00000217a913fa50 nmethod 762 0x000002179d161f90 code [0x000002179d162120, 0x000002179d1621e8]
Event: 0.762 Thread 0x00000217a913fa50  763  s    3       java.util.Hashtable::get (69 bytes)
Event: 0.762 Thread 0x00000217a913fa50 nmethod 763 0x0000021795791810 code [0x0000021795791a00, 0x0000021795791f58]
Event: 0.762 Thread 0x00000217a913fa50  764   !   3       javax.swing.UIDefaults::getFromHashtable (239 bytes)
Event: 0.763 Thread 0x00000217a913fa50 nmethod 764 0x0000021795792110 code [0x0000021795792440, 0x0000021795793960]
Event: 0.763 Thread 0x00000217a913fa50  765       3       javax.swing.UIDefaults::get (21 bytes)
Event: 0.763 Thread 0x00000217a913fa50 nmethod 765 0x0000021795793f10 code [0x00000217957940e0, 0x00000217957942e8]
Event: 0.763 Thread 0x00000217a913fa50  769       3       java.lang.StringConcatHelper::newArray (40 bytes)
Event: 0.764 Thread 0x00000217a913fa50 nmethod 769 0x0000021795794390 code [0x0000021795794560, 0x0000021795794890]
Event: 0.764 Thread 0x00000217a913fa50  768       1       java.awt.Component::getObjectLock (5 bytes)
Event: 0.764 Thread 0x00000217a913fa50 nmethod 768 0x000002179d162290 code [0x000002179d162420, 0x000002179d1624f0]
Event: 0.764 Thread 0x00000217a913fa50  766       1       java.beans.PropertyChangeEvent::getOldValue (5 bytes)
Event: 0.764 Thread 0x00000217a913fa50 nmethod 766 0x000002179d162590 code [0x000002179d162720, 0x000002179d1627e8]
Event: 0.764 Thread 0x00000217a913fa50  767       1       java.beans.PropertyChangeEvent::getNewValue (5 bytes)
Event: 0.764 Thread 0x00000217a913fa50 nmethod 767 0x000002179d162890 code [0x000002179d162a20, 0x000002179d162ae8]
Event: 0.766 Thread 0x00000217a913fa50  770       3       jdk.internal.loader.NativeLibraries$NativeLibraryImpl::find (9 bytes)
Event: 0.766 Thread 0x00000217a913fa50 nmethod 770 0x0000021795794990 code [0x0000021795794b40, 0x0000021795794c80]

GC Heap History (0 events):
No events

Dll operation events (10 events):
Event: 0.018 Loaded shared library C:\Program Files\Java\jdk-21\bin\java.dll
Event: 0.088 Loaded shared library C:\Program Files\Java\jdk-21\bin\jsvml.dll
Event: 0.150 Loaded shared library C:\Program Files\Java\jdk-21\bin\jimage.dll
Event: 0.184 Loaded shared library C:\Program Files\Java\jdk-21\bin\awt.dll
Event: 0.350 Loaded shared library C:\Program Files\Java\jdk-21\bin\zip.dll
Event: 0.420 Loaded shared library C:\Program Files\Java\jdk-21\bin\javajpeg.dll
Event: 0.604 Loaded shared library C:\Program Files\Java\jdk-21\bin\freetype.dll
Event: 0.606 Loaded shared library C:\Program Files\Java\jdk-21\bin\fontmanager.dll
Event: 0.739 Loaded shared library C:\Program Files\Java\jdk-21\bin\net.dll
Event: 0.741 Loaded shared library C:\Program Files\Java\jdk-21\bin\nio.dll

Deoptimization events (8 events):
Event: 0.400 Thread 0x00000217a95b3c80 Uncommon trap: trap_request=0xffffff45 fr.pc=0x000002179d153090 relative=0x0000000000000750
Event: 0.400 Thread 0x00000217a95b3c80 Uncommon trap: reason=unstable_if action=reinterpret pc=0x000002179d153090 method=java.util.regex.Matcher.search(I)Z @ 30 c2
Event: 0.400 Thread 0x00000217a95b3c80 DEOPT PACKING pc=0x000002179d153090 sp=0x000000723d2fe460
Event: 0.400 Thread 0x00000217a95b3c80 DEOPT UNPACKING pc=0x000002179cbe46a2 sp=0x000000723d2fe440 mode 2
Event: 0.618 Thread 0x000002178b117ce0 Uncommon trap: trap_request=0xffffff45 fr.pc=0x000002179d154074 relative=0x00000000000001d4
Event: 0.618 Thread 0x000002178b117ce0 Uncommon trap: reason=unstable_if action=reinterpret pc=0x000002179d154074 method=java.lang.StringUTF16.compress([CI[BII)I @ 20 c2
Event: 0.618 Thread 0x000002178b117ce0 DEOPT PACKING pc=0x000002179d154074 sp=0x000000723bdfe230
Event: 0.618 Thread 0x000002178b117ce0 DEOPT UNPACKING pc=0x000002179cbe46a2 sp=0x000000723bdfe1a0 mode 2

Classes loaded (20 events):
Event: 0.765 Loading class sun/awt/AWTAccessor$WindowAccessor done
Event: 0.765 Loading class java/awt/Window$1 done
Event: 0.765 Loading class java/awt/Frame$1
Event: 0.765 Loading class sun/awt/AWTAccessor$FrameAccessor
Event: 0.765 Loading class sun/awt/AWTAccessor$FrameAccessor done
Event: 0.765 Loading class java/awt/Frame$1 done
Event: 0.765 Loading class java/awt/Cursor
Event: 0.765 Loading class java/awt/Cursor done
Event: 0.765 Loading class java/awt/Cursor$1
Event: 0.765 Loading class sun/awt/AWTAccessor$CursorAccessor
Event: 0.765 Loading class sun/awt/AWTAccessor$CursorAccessor done
Event: 0.765 Loading class java/awt/Cursor$1 done
Event: 0.766 Loading class java/awt/Dialog$ModalExclusionType
Event: 0.766 Loading class java/awt/Dialog$ModalExclusionType done
Event: 0.766 Loading class java/awt/Window$WindowDisposerRecord
Event: 0.766 Loading class java/awt/Window$WindowDisposerRecord done
Event: 0.766 Loading class javax/swing/JDialog
Event: 0.766 Loading class javax/swing/WindowConstants
Event: 0.766 Loading class javax/swing/WindowConstants done
Event: 0.766 Loading class java/awt/Dialog

Classes unloaded (0 events):
No events

Classes redefined (0 events):
No events

Internal exceptions (10 events):
Event: 0.164 Thread 0x000002178b117ce0 Exception <a 'java/lang/ClassNotFoundException'{0x00000000a7a489e0}: sun/awt/resources/spi/awtProvider> (0x00000000a7a489e0) 
thrown [s\open\src\hotspot\share\classfile\systemDictionary.cpp, line 312]
Event: 0.203 Thread 0x000002178b117ce0 Exception <a 'java/io/FileNotFoundException'{0x00000000a7918a70}> (0x00000000a7918a70) 
thrown [s\open\src\hotspot\share\prims\jni.cpp, line 520]
Event: 0.216 Thread 0x000002178b117ce0 Exception <a 'java/io/FileNotFoundException'{0x00000000a7942ad8}> (0x00000000a7942ad8) 
thrown [s\open\src\hotspot\share\prims\jni.cpp, line 520]
Event: 0.422 Thread 0x00000217a95b3c80 Exception <a 'java/lang/NoSuchMethodError'{0x00000000a762b958}: 'java.lang.Object java.lang.invoke.DirectMethodHandle$Holder.newInvokeSpecial(java.lang.Object, java.lang.Object, java.lang.Object, int, int, int, int, int)'> (0x00000000a762b958) 
thrown [s\open\src\hotspot\share\interpreter\linkResolver.cpp, line 773]
Event: 0.499 Thread 0x000002178b117ce0 Exception <a 'java/lang/NoSuchMethodError'{0x00000000a79c57c8}: 'void java.lang.invoke.DirectMethodHandle$Holder.invokeSpecial(java.lang.Object, java.lang.Object, java.lang.Object)'> (0x00000000a79c57c8) 
thrown [s\open\src\hotspot\share\interpreter\linkResolver.cpp, line 773]
Event: 0.512 Thread 0x000002178b117ce0 Exception <a 'java/lang/NoSuchMethodError'{0x00000000a79eaf08}: 'java.lang.Object java.lang.invoke.DirectMethodHandle$Holder.newInvokeSpecial(java.lang.Object, java.lang.Object, java.lang.Object, java.lang.Object, java.lang.Object)'> (0x00000000a79eaf08) 
thrown [s\open\src\hotspot\share\interpreter\linkResolver.cpp, line 773]
Event: 0.529 Thread 0x000002178b117ce0 Exception <a 'java/lang/NoSuchMethodError'{0x00000000a72a1c90}: 'java.lang.Object java.lang.invoke.DirectMethodHandle$Holder.invokeStatic(java.lang.Object, int, java.lang.Object)'> (0x00000000a72a1c90) 
thrown [s\open\src\hotspot\share\interpreter\linkResolver.cpp, line 773]
Event: 0.571 Thread 0x000002178b117ce0 Exception <a 'java/lang/ClassNotFoundException'{0x00000000a71480c8}: com/sun/swing/internal/plaf/metal/resources/spi/metalProvider> (0x00000000a71480c8) 
thrown [s\open\src\hotspot\share\classfile\systemDictionary.cpp, line 312]
Event: 0.573 Thread 0x000002178b117ce0 Exception <a 'java/lang/ClassNotFoundException'{0x00000000a714bdb8}: com/sun/swing/internal/plaf/basic/resources/spi/basicProvider> (0x00000000a714bdb8) 
thrown [s\open\src\hotspot\share\classfile\systemDictionary.cpp, line 312]
Event: 0.599 Thread 0x000002178b117ce0 Exception <a 'java/lang/NoSuchMethodError'{0x00000000a71712b0}: 'int java.lang.invoke.Invokers$Holder.invokeExact_MT(java.lang.Object, java.lang.Object)'> (0x00000000a71712b0) 
thrown [s\open\src\hotspot\share\interpreter\linkResolver.cpp, line 773]

ZGC Phase Switch (0 events):
No events

VM Operations (12 events):
Event: 0.397 Executing VM operation: HandshakeAllThreads (Deoptimize)
Event: 0.397 Executing VM operation: HandshakeAllThreads (Deoptimize) done
Event: 0.479 Executing VM operation: HandshakeAllThreads (Deoptimize)
Event: 0.479 Executing VM operation: HandshakeAllThreads (Deoptimize) done
Event: 0.479 Executing VM operation: HandshakeAllThreads (Deoptimize)
Event: 0.479 Executing VM operation: HandshakeAllThreads (Deoptimize) done
Event: 0.570 Executing VM operation: HandshakeAllThreads (Deoptimize)
Event: 0.570 Executing VM operation: HandshakeAllThreads (Deoptimize) done
Event: 0.590 Executing VM operation: HandshakeAllThreads (Deoptimize)
Event: 0.590 Executing VM operation: HandshakeAllThreads (Deoptimize) done
Event: 0.735 Executing VM operation: HandshakeAllThreads (Deoptimize)
Event: 0.735 Executing VM operation: HandshakeAllThreads (Deoptimize) done

Events (18 events):
Event: 0.052 Thread 0x000002178b117ce0 Thread added: 0x000002178b117ce0
Event: 0.083 Thread 0x00000217a912a5b0 Thread added: 0x00000217a912a5b0
Event: 0.084 Thread 0x00000217a912bb60 Thread added: 0x00000217a912bb60
Event: 0.084 Thread 0x00000217a912efb0 Thread added: 0x00000217a912efb0
Event: 0.085 Thread 0x00000217a9131630 Thread added: 0x00000217a9131630
Event: 0.085 Thread 0x00000217a9132b10 Thread added: 0x00000217a9132b10
Event: 0.085 Thread 0x00000217a9137dd0 Thread added: 0x00000217a9137dd0
Event: 0.085 Thread 0x00000217a9140ef0 Thread added: 0x00000217a9140ef0
Event: 0.085 Thread 0x00000217a913fa50 Thread added: 0x00000217a913fa50
Event: 0.119 Thread 0x00000217a93ef610 Thread added: 0x00000217a93ef610
Event: 0.124 Thread 0x00000217a93fa2c0 Thread added: 0x00000217a93fa2c0
Event: 0.280 Thread 0x00000217a959b900 Thread added: 0x00000217a959b900
Event: 0.282 Thread 0x00000217a95a1590 Thread added: 0x00000217a95a1590
Event: 0.284 Thread 0x00000217a95a21e0 Thread added: 0x00000217a95a21e0
Event: 0.315 Thread 0x00000217a95b3c80 Thread added: 0x00000217a95b3c80
Event: 0.375 Thread 0x00000217a95dd960 Thread added: 0x00000217a95dd960
Event: 0.694 Thread 0x00000217a95dd960 Thread exited: 0x00000217a95dd960
Event: 0.760 Thread 0x00000217f0047150 Thread added: 0x00000217f0047150


Dynamic libraries:
0x00007ff67dd40000 - 0x00007ff67dd50000 	C:\Program Files\Java\jdk-21\bin\javaw.exe
0x00007ffb3a8f0000 - 0x00007ffb3ab06000 	C:\WINDOWS\SYSTEM32\ntdll.dll
0x00007ffb38790000 - 0x00007ffb38854000 	C:\WINDOWS\System32\KERNEL32.DLL
0x00007ffb37e30000 - 0x00007ffb381d7000 	C:\WINDOWS\System32\KERNELBASE.dll
0x00007ffb38490000 - 0x00007ffb385a1000 	C:\WINDOWS\System32\ucrtbase.dll
0x00007ffb254a0000 - 0x00007ffb254bb000 	C:\Program Files\Java\jdk-21\bin\VCRUNTIME140.dll
0x00007ffb25480000 - 0x00007ffb25499000 	C:\Program Files\Java\jdk-21\bin\jli.dll
0x00007ffb38ad0000 - 0x00007ffb38b82000 	C:\WINDOWS\System32\ADVAPI32.dll
0x00007ffb3a740000 - 0x00007ffb3a7e7000 	C:\WINDOWS\System32\msvcrt.dll
0x00007ffb3a2d0000 - 0x00007ffb3a378000 	C:\WINDOWS\System32\sechost.dll
0x00007ffb37e00000 - 0x00007ffb37e28000 	C:\WINDOWS\System32\bcrypt.dll
0x00007ffb38620000 - 0x00007ffb38735000 	C:\WINDOWS\System32\RPCRT4.dll
0x00007ffb39d50000 - 0x00007ffb39efe000 	C:\WINDOWS\System32\USER32.dll
0x00007ffb381e0000 - 0x00007ffb38206000 	C:\WINDOWS\System32\win32u.dll
0x00007ffb3a710000 - 0x00007ffb3a739000 	C:\WINDOWS\System32\GDI32.dll
0x00007ffb382d0000 - 0x00007ffb383e9000 	C:\WINDOWS\System32\gdi32full.dll
0x00007ffb383f0000 - 0x00007ffb3848a000 	C:\WINDOWS\System32\msvcp_win.dll
0x00007ffb26080000 - 0x00007ffb26313000 	C:\WINDOWS\WinSxS\amd64_microsoft.windows.common-controls_6595b64144ccf1df_6.0.22621.3235_none_270f74e173860f98\COMCTL32.dll
0x00007ffb2d4e0000 - 0x00007ffb2d4ea000 	C:\WINDOWS\SYSTEM32\VERSION.dll
0x00007ffb3a860000 - 0x00007ffb3a891000 	C:\WINDOWS\System32\IMM32.DLL
0x00007ffb30680000 - 0x00007ffb3068c000 	C:\Program Files\Java\jdk-21\bin\vcruntime140_1.dll
0x00007ffb242c0000 - 0x00007ffb2434e000 	C:\Program Files\Java\jdk-21\bin\msvcp140.dll
0x00007ffaf8100000 - 0x00007ffaf8e17000 	C:\Program Files\Java\jdk-21\bin\server\jvm.dll
0x00007ffb39030000 - 0x00007ffb390a1000 	C:\WINDOWS\System32\WS2_32.dll
0x00007ffb37ae0000 - 0x00007ffb37b2d000 	C:\WINDOWS\SYSTEM32\POWRPROF.dll
0x00007ffb305d0000 - 0x00007ffb30604000 	C:\WINDOWS\SYSTEM32\WINMM.dll
0x00007ffb37ac0000 - 0x00007ffb37ad3000 	C:\WINDOWS\SYSTEM32\UMPDC.dll
0x00007ffb36c50000 - 0x00007ffb36c68000 	C:\WINDOWS\SYSTEM32\kernel.appcore.dll
0x00007ffb34d30000 - 0x00007ffb34d3a000 	C:\Program Files\Java\jdk-21\bin\jimage.dll
0x00007ffb2e390000 - 0x00007ffb2e5c3000 	C:\WINDOWS\SYSTEM32\DBGHELP.DLL
0x00007ffb3a380000 - 0x00007ffb3a708000 	C:\WINDOWS\System32\combase.dll
0x00007ffb39f00000 - 0x00007ffb39fd7000 	C:\WINDOWS\System32\OLEAUT32.dll
0x00007ffb23340000 - 0x00007ffb23372000 	C:\WINDOWS\SYSTEM32\dbgcore.DLL
0x00007ffb37c10000 - 0x00007ffb37c89000 	C:\WINDOWS\System32\bcryptPrimitives.dll
0x00007ffb31c30000 - 0x00007ffb31c4f000 	C:\Program Files\Java\jdk-21\bin\java.dll
0x00007ffb394f0000 - 0x00007ffb39d4c000 	C:\WINDOWS\System32\SHELL32.dll
0x00007ffb35b70000 - 0x00007ffb36469000 	C:\WINDOWS\SYSTEM32\windows.storage.dll
0x00007ffb35a30000 - 0x00007ffb35b6e000 	C:\WINDOWS\SYSTEM32\wintypes.dll
0x00007ffb3a1d0000 - 0x00007ffb3a2c3000 	C:\WINDOWS\System32\SHCORE.dll
0x00007ffb3a170000 - 0x00007ffb3a1ce000 	C:\WINDOWS\System32\shlwapi.dll
0x00007ffb37b40000 - 0x00007ffb37b61000 	C:\WINDOWS\SYSTEM32\profapi.dll
0x00007ffb24aa0000 - 0x00007ffb24b77000 	C:\Program Files\Java\jdk-21\bin\jsvml.dll
0x00007ffaffb90000 - 0x00007ffaffd1f000 	C:\Program Files\Java\jdk-21\bin\awt.dll
0x00007ffb34fc0000 - 0x00007ffb35057000 	C:\WINDOWS\SYSTEM32\apphelp.dll
0x00007ffb35190000 - 0x00007ffb3523b000 	C:\WINDOWS\system32\uxtheme.dll
0x00007ffb39ff0000 - 0x00007ffb3a143000 	C:\WINDOWS\System32\MSCTF.dll
0x00007ffb39230000 - 0x00007ffb393d5000 	C:\WINDOWS\System32\ole32.dll
0x00007ffb31be0000 - 0x00007ffb31bf8000 	C:\Program Files\Java\jdk-21\bin\zip.dll
0x00007ffb24f90000 - 0x00007ffb24fbe000 	C:\Program Files\Java\jdk-21\bin\javajpeg.dll
0x00007ffb353e0000 - 0x00007ffb3540b000 	C:\WINDOWS\system32\DWMAPI.DLL
0x00007ffb23f70000 - 0x00007ffb23ff7000 	C:\Program Files\Java\jdk-21\bin\freetype.dll
0x00007ffb04fd0000 - 0x00007ffb050b2000 	C:\Program Files\Java\jdk-21\bin\fontmanager.dll
0x00007ffb01b20000 - 0x00007ffb01c20000 	C:\WINDOWS\system32\opengl32.dll
0x00007ffb24e20000 - 0x00007ffb24e4d000 	C:\WINDOWS\SYSTEM32\GLU32.dll
0x00007ffb35290000 - 0x00007ffb352c9000 	C:\WINDOWS\SYSTEM32\dxcore.dll
0x00007ffadfb00000 - 0x00007ffadfca9000 	C:\WINDOWS\system32\d3d9.dll
0x00007ffb2d580000 - 0x00007ffb2d73b000 	C:\WINDOWS\System32\DriverStore\FileRepository\u0383954.inf_amd64_2061df1998435612\B383240\aticfx64.dll
0x00007ffb24200000 - 0x00007ffb24234000 	C:\WINDOWS\System32\DriverStore\FileRepository\u0383954.inf_amd64_2061df1998435612\B383240\atiu9p64.dll
0x00007ffafb7f0000 - 0x00007ffafc545000 	C:\WINDOWS\System32\DriverStore\FileRepository\u0383954.inf_amd64_2061df1998435612\B383240\atiumd64.dll
0x00007ffb2d460000 - 0x00007ffb2d495000 	C:\WINDOWS\SYSTEM32\amdihk64.dll
0x00007ffb313d0000 - 0x00007ffb3141a000 	C:\WINDOWS\SYSTEM32\directxdatabasehelper.dll
0x00007ffb31c20000 - 0x00007ffb31c30000 	C:\Program Files\Java\jdk-21\bin\net.dll
0x00007ffb2fa70000 - 0x00007ffb2fba6000 	C:\WINDOWS\SYSTEM32\WINHTTP.dll
0x00007ffb370c0000 - 0x00007ffb37129000 	C:\WINDOWS\system32\mswsock.dll
0x00007ffb31c00000 - 0x00007ffb31c16000 	C:\Program Files\Java\jdk-21\bin\nio.dll

dbghelp: loaded successfully - version: 4.0.5 - missing functions: none
symbol engine: initialized successfully - sym options: 0x614 - pdb path: .;C:\Program Files\Java\jdk-21\bin;C:\WINDOWS\SYSTEM32;C:\WINDOWS\WinSxS\amd64_microsoft.windows.common-controls_6595b64144ccf1df_6.0.22621.3235_none_270f74e173860f98;C:\Program Files\Java\jdk-21\bin\server;C:\WINDOWS\System32\DriverStore\FileRepository\u0383954.inf_amd64_2061df1998435612\B383240

VM Arguments:
jvm_args: -Dfile.encoding=UTF-8 -Dstdout.encoding=UTF-8 -Dstderr.encoding=UTF-8 -XX:+ShowCodeDetailsInExceptionMessages 
java_command: juegosPersonajes.JuegosPersonajes
java_class_path (initial): C:\Users\facun\Desktop\TrabajoPractico2_java\juegosPersonajes\bin
Launcher Type: SUN_STANDARD

[Global flags]
     intx CICompilerCount                          = 4                                         {product} {ergonomic}
     uint ConcGCThreads                            = 2                                         {product} {ergonomic}
     uint G1ConcRefinementThreads                  = 8                                         {product} {ergonomic}
   size_t G1HeapRegionSize                         = 1048576                                   {product} {ergonomic}
    uintx GCDrainStackTargetSize                   = 64                                        {product} {ergonomic}
   size_t InitialHeapSize                          = 100663296                                 {product} {ergonomic}
   size_t MarkStackSize                            = 4194304                                   {product} {ergonomic}
   size_t MaxHeapSize                              = 1581252608                                {product} {ergonomic}
   size_t MaxNewSize                               = 947912704                                 {product} {ergonomic}
   size_t MinHeapDeltaBytes                        = 1048576                                   {product} {ergonomic}
   size_t MinHeapSize                              = 8388608                                   {product} {ergonomic}
    uintx NonNMethodCodeHeapSize                   = 5839372                                {pd product} {ergonomic}
    uintx NonProfiledCodeHeapSize                  = 122909434                              {pd product} {ergonomic}
    uintx ProfiledCodeHeapSize                     = 122909434                              {pd product} {ergonomic}
    uintx ReservedCodeCacheSize                    = 251658240                              {pd product} {ergonomic}
     bool SegmentedCodeCache                       = true                                      {product} {ergonomic}
     bool ShowCodeDetailsInExceptionMessages       = true                                   {manageable} {command line}
   size_t SoftMaxHeapSize                          = 1581252608                             {manageable} {ergonomic}
     bool UseCompressedOops                        = true                           {product lp64_product} {ergonomic}
     bool UseG1GC                                  = true                                      {product} {ergonomic}
     bool UseLargePagesIndividualAllocation        = false                                  {pd product} {ergonomic}

Logging:
Log output configuration:
 #0: stdout all=warning uptime,level,tags foldmultilines=false
 #1: stderr all=off uptime,level,tags foldmultilines=false

Environment Variables:
JAVA_HOME=C:\Program Files\Java\jdk-21
PATH=C:/Program Files/Java/jdk-21/bin/server;C:/Program Files/Java/jdk-21/bin;C:\Program Files\Java\jdk-21\bin;C:\WINDOWS\system32;C:\WINDOWS;C:\WINDOWS\System32\Wbem;C:\WINDOWS\System32\WindowsPowerShell\v1.0\;C:\WINDOWS\System32\OpenSSH\;C:\Program Files\dotnet\;C:\Program Files\Git\cmd;C:\Program Files\nodejs\;C:\Users\facun\AppData\Local\Microsoft\WindowsApps;C:\Users\facun\AppData\Local\Programs\Microsoft VS Code\bin;C:\Users\facun\AppData\Roaming\npm;C:\Program Files\MongoDB\Server\6.0\bin;;C:\Users\facun\Desktop;
USERNAME=facun
OS=Windows_NT
PROCESSOR_IDENTIFIER=AMD64 Family 23 Model 24 Stepping 1, AuthenticAMD
TMP=C:\Users\facun\AppData\Local\Temp
TEMP=C:\Users\facun\AppData\Local\Temp




Periodic native trim disabled

---------------  S Y S T E M  ---------------

OS:
 Windows 11 , 64 bit Build 22621 (10.0.22621.3374)
OS uptime: 14 days 0:16 hours

CPU: total 8 (initial active 8) (8 cores per cpu, 2 threads per core) family 23 model 24 stepping 1 microcode 0x0, cx8, cmov, fxsr, ht, mmx, 3dnowpref, sse, sse2, sse3, ssse3, sse4a, sse4.1, sse4.2, popcnt, lzcnt, tsc, tscinvbit, avx, avx2, aes, clmul, bmi1, bmi2, adx, sha, fma, vzeroupper, clflush, clflushopt, rdtscp, f16c
Processor Information for all 8 processors :
  Max Mhz: 2300, Current Mhz: 2300, Mhz Limit: 2300

Memory: 4k page, system-wide physical 6030M (445M free)
TotalPageFile size 24462M (AvailPageFile size 0M)
current process WorkingSet (physical memory assigned to process): 65M, peak: 65M
current process commit charge ("private bytes"): 186M, peak: 194M

vm_info: Java HotSpot(TM) 64-Bit Server VM (21.0.2+13-LTS-58) for windows-amd64 JRE (21.0.2+13-LTS-58), built on 2024-01-05T18:32:24Z by "mach5one" with MS VC++ 17.1 (VS2022)

END.
