#
# A fatal error has been detected by the Java Runtime Environment:
#
#  EXCEPTION_ACCESS_VIOLATION (0xc0000005) at pc=0x00007ffb34d31bc5, pid=7264, tid=26172
#
# JRE version:  (21.0.2+13) (build )
# Java VM: Java HotSpot(TM) 64-Bit Server VM (21.0.2+13-LTS-58, mixed mode, sharing, tiered, compressed class ptrs, unknown gc, windows-amd64)
# Problematic frame:
# C  [jimage.dll+0x1bc5]
#
# No core dump will be written. Minidumps are not enabled by default on client versions of Windows
#
#

---------------  S U M M A R Y ------------

Command Line: 

Host: AMD Ryzen 7 3700U with Radeon Vega Mobile Gfx  , 8 cores, 5G,  Windows 11 , 64 bit Build 22621 (10.0.22621.3374)
Time: Tue May  7 11:16:23 2024 Hora estándar de Argentina elapsed time: 0.018883 seconds (0d 0h 0m 0s)

---------------  T H R E A D  ---------------

Current thread is native thread

Stack: [0x0000006b48c00000,0x0000006b48d00000],  sp=0x0000006b48cfd6c0,  free space=1013k
Native frames: (J=compiled Java code, j=interpreted, Vv=VM code, C=native code)
C  [jimage.dll+0x1bc5]


siginfo: EXCEPTION_ACCESS_VIOLATION (0xc0000005), reading address 0x000000000000c07c


Registers:
RAX=0x0000000000003018, RBX=0x0000006b48cfd7b1, RCX=0x00007ffb34d36000, RDX=0x0000000000003018
RSP=0x0000006b48cfd6c0, RBP=0x0000006b48cfd7b0, RSI=0x0000000000007714, RDI=0x0000006b48cfd7b0
R8 =0x00007ffb34d34298, R9 =0x000000000000001c, R10=0x00007ffb254a0000, R11=0x00007ffb34d36000
R12=0x0000000000000000, R13=0x0000006b48cffc30, R14=0x0000006b48cfe820, R15=0x00007ffaf8ab39e0
RIP=0x00007ffb34d31bc5, EFLAGS=0x0000000000010212


Top of Stack: (sp=0x0000006b48cfd6c0)
0x0000006b48cfd6c0:   0000000000020000 0000006b48cfd6f0
0x0000006b48cfd6d0:   0000006b48cfd6f0 0000006b48cfd6f0
0x0000006b48cfd6e0:   00000176a06ed7b0 00007ffb34d31d53
0x0000006b48cfd6f0:   000000000000000b 00000176a06ed7b0
0x0000006b48cfd700:   0000000000000001 0000006b48cfdb80
0x0000006b48cfd710:   0000000000000000 0000000000000000
0x0000006b48cfd720:   0000000000000000 0000000000000000
0x0000006b48cfd730:   0000006b48cfd840 00007ffb3a90b47f
0x0000006b48cfd740:   0000000000000000 0000000000000000
0x0000006b48cfd750:   00009c0968182173 00007ffb34d30000
0x0000006b48cfd760:   00007ffaf8a91460 0000000000000017
0x0000006b48cfd770:   00000176a06ed7b0 0000006b48cfe820
0x0000006b48cfd780:   000000000000000b 00007ffb34d3261d
0x0000006b48cfd790:   0000017601000020 0000006b48cfde30
0x0000006b48cfd7a0:   0000000000000000 0000006b48cfddd8
0x0000006b48cfd7b0:   61622e6176616a2f 692f6b646a2f6573
0x0000006b48cfd7c0:   2f6c616e7265746e 6f6974706f2f6d76
0x0000006b48cfd7d0:   000001760000736e 0000006b48cfd8c0
0x0000006b48cfd7e0:   0000006b48cfd908 000003f000007000
0x0000006b48cfd7f0:   0000006b00000000 00000176a0571140
0x0000006b48cfd800:   00007ffb00200000 0000006b48cfd8a0
0x0000006b48cfd810:   0000006b48cfd8a0 0000006b48cfd8a0
0x0000006b48cfd820:   0000000000000020 0000000000000020
0x0000006b48cfd830:   0000020800004000 0000000000000020
0x0000006b48cfd840:   0000000000000000 0000000000000000
0x0000006b48cfd850:   0000000000000000 0000000000000000
0x0000006b48cfd860:   0000000000000000 00007ffb3a916637
0x0000006b48cfd870:   0000000000000000 0000000000000000
0x0000006b48cfd880:   0000000000000000 0000000000000000
0x0000006b48cfd890:   0000000000000000 0000000000280000
0x0000006b48cfd8a0:   0000000000000000 0000006b48cfd960
0x0000006b48cfd8b0:   00007ffb00000002 0000000000000000 

Instructions: (pc=0x00007ffb34d31bc5)
0x00007ffb34d31ac5:   48 85 c9 74 1d 80 3d 3f 45 00 00 00 74 06 48 8b
0x00007ffb34d31ad5:   53 18 eb 04 48 8b 53 40 e8 9a 0e 00 00 48 83 63
0x00007ffb34d31ae5:   48 00 8b 4b 0c 83 f9 ff 74 09 e8 d0 0c 00 00 83
0x00007ffb34d31af5:   4b 0c ff 48 8b 4b 70 48 85 c9 74 0f ba 10 00 00
0x00007ffb34d31b05:   00 e8 f1 0e 00 00 48 83 63 70 00 48 83 c4 20 5b
0x00007ffb34d31b15:   c3 cc cc 40 53 48 83 ec 20 48 8b d9 48 8d 0d f8
0x00007ffb34d31b25:   46 00 00 e8 9f 0c 00 00 83 6b 08 01 75 24 48 8b
0x00007ffb34d31b35:   d3 48 8d 0d db 44 00 00 e8 22 08 00 00 48 8b cb
0x00007ffb34d31b45:   e8 d6 fe ff ff ba 78 00 00 00 48 8b cb e8 a5 0e
0x00007ffb34d31b55:   00 00 48 8d 0d c2 46 00 00 48 83 c4 20 5b e9 6c
0x00007ffb34d31b65:   0c 00 00 48 89 5c 24 08 48 89 74 24 10 57 48 83
0x00007ffb34d31b75:   ec 20 41 8b f1 4d 8b c8 48 8b fa 4c 8b d9 4d 85
0x00007ffb34d31b85:   c0 74 78 85 f6 74 74 44 8a 12 48 8d 5a 01 48 8b
0x00007ffb34d31b95:   d3 b8 93 01 00 01 eb 12 69 c0 93 01 00 01 41 0f
0x00007ffb34d31ba5:   b6 ca 44 8a 12 33 c1 48 ff c2 45 84 d2 75 e9 4d
0x00007ffb34d31bb5:   8b 03 0f ba f0 1f 33 d2 49 8b cb f7 f6 48 63 c2
0x00007ffb34d31bc5:   41 8b 14 81 41 ff 50 08 85 c0 7e 24 8a 0f eb 10
0x00007ffb34d31bd5:   69 c0 93 01 00 01 0f b6 c9 33 c1 8a 0b 48 ff c3
0x00007ffb34d31be5:   84 c9 75 ec 0f ba f0 1f 33 d2 f7 f6 8b c2 eb 0e
0x00007ffb34d31bf5:   79 09 83 c9 ff 2b c8 8b c1 eb 03 83 c8 ff 48 8b
0x00007ffb34d31c05:   5c 24 30 48 8b 74 24 38 48 83 c4 20 5f c3 cc 48
0x00007ffb34d31c15:   89 5c 24 08 48 89 74 24 10 57 48 83 ec 20 48 8b
0x00007ffb34d31c25:   f1 48 8d 0d f3 45 00 00 e8 9a 0b 00 00 33 ff 39
0x00007ffb34d31c35:   3d de 43 00 00 76 24 48 8b 05 dd 43 00 00 48 8b
0x00007ffb34d31c45:   d6 48 8b 1c f8 48 8b 0b e8 68 1e 00 00 85 c0 74
0x00007ffb34d31c55:   2b ff c7 3b 3d ba 43 00 00 72 dc 33 db 48 8d 0d
0x00007ffb34d31c65:   b7 45 00 00 e8 66 0b 00 00 48 8b 74 24 38 48 8b
0x00007ffb34d31c75:   c3 48 8b 5c 24 30 48 83 c4 20 5f c3 ff 43 08 eb
0x00007ffb34d31c85:   dc cc cc 48 89 5c 24 08 48 89 74 24 10 57 48 83
0x00007ffb34d31c95:   ec 20 48 8b d9 48 8b f2 48 8b 49 10 49 8b f8 8b
0x00007ffb34d31ca5:   53 30 48 8b 01 ff 50 20 4c 8b 43 50 48 8b d6 48
0x00007ffb34d31cb5:   8b 4b 10 44 8b c8 e8 a8 fe ff ff 83 f8 ff 74 38 



---------------  P R O C E S S  ---------------

VM state: not at safepoint (not fully initialized)

VM Mutex/Monitor currently owned by a thread: None

CDS archive(s) mapped at: [0x0000000000000000-0x0000000000000000-0x0000000000000000), size 0, SharedBaseAddress: 0x0000000800000000, ArchiveRelocationMode: 1.
Narrow klass base: 0x0000000000000000, Narrow klass shift: 0, Narrow klass range: 0x0

GC Precious Log:
<Not initialized>


Dynamic libraries:
0x00007ff67dd40000 - 0x00007ff67dd50000 	C:\Program Files\Java\jdk-21\bin\javaw.exe
0x00007ffb3a8f0000 - 0x00007ffb3ab06000 	C:\WINDOWS\SYSTEM32\ntdll.dll
0x00007ffb38790000 - 0x00007ffb38854000 	C:\WINDOWS\System32\KERNEL32.DLL
0x00007ffb37e30000 - 0x00007ffb381d7000 	C:\WINDOWS\System32\KERNELBASE.dll
0x00007ffb38490000 - 0x00007ffb385a1000 	C:\WINDOWS\System32\ucrtbase.dll
0x00007ffb25480000 - 0x00007ffb25499000 	C:\Program Files\Java\jdk-21\bin\jli.dll
0x00007ffb38ad0000 - 0x00007ffb38b82000 	C:\WINDOWS\System32\ADVAPI32.dll
0x00007ffb3a740000 - 0x00007ffb3a7e7000 	C:\WINDOWS\System32\msvcrt.dll
0x00007ffb3a2d0000 - 0x00007ffb3a378000 	C:\WINDOWS\System32\sechost.dll
0x00007ffb37e00000 - 0x00007ffb37e28000 	C:\WINDOWS\System32\bcrypt.dll
0x00007ffb38620000 - 0x00007ffb38735000 	C:\WINDOWS\System32\RPCRT4.dll
0x00007ffb39d50000 - 0x00007ffb39efe000 	C:\WINDOWS\System32\USER32.dll
0x00007ffb381e0000 - 0x00007ffb38206000 	C:\WINDOWS\System32\win32u.dll
0x00007ffb3a710000 - 0x00007ffb3a739000 	C:\WINDOWS\System32\GDI32.dll
0x00007ffb382d0000 - 0x00007ffb383e9000 	C:\WINDOWS\System32\gdi32full.dll
0x00007ffb383f0000 - 0x00007ffb3848a000 	C:\WINDOWS\System32\msvcp_win.dll
0x00007ffb26080000 - 0x00007ffb26313000 	C:\WINDOWS\WinSxS\amd64_microsoft.windows.common-controls_6595b64144ccf1df_6.0.22621.3235_none_270f74e173860f98\COMCTL32.dll
0x00007ffb254a0000 - 0x00007ffb254bb000 	C:\Program Files\Java\jdk-21\bin\VCRUNTIME140.dll
0x00007ffb2d4e0000 - 0x00007ffb2d4ea000 	C:\WINDOWS\SYSTEM32\VERSION.dll
0x00007ffb3a860000 - 0x00007ffb3a891000 	C:\WINDOWS\System32\IMM32.DLL
0x00007ffb30680000 - 0x00007ffb3068c000 	C:\Program Files\Java\jdk-21\bin\vcruntime140_1.dll
0x00007ffb242c0000 - 0x00007ffb2434e000 	C:\Program Files\Java\jdk-21\bin\msvcp140.dll
0x00007ffaf8100000 - 0x00007ffaf8e17000 	C:\Program Files\Java\jdk-21\bin\server\jvm.dll
0x00007ffb39030000 - 0x00007ffb390a1000 	C:\WINDOWS\System32\WS2_32.dll
0x00007ffb305d0000 - 0x00007ffb30604000 	C:\WINDOWS\SYSTEM32\WINMM.dll
0x00007ffb37ae0000 - 0x00007ffb37b2d000 	C:\WINDOWS\SYSTEM32\POWRPROF.dll
0x00007ffb37ac0000 - 0x00007ffb37ad3000 	C:\WINDOWS\SYSTEM32\UMPDC.dll
0x00007ffb36c50000 - 0x00007ffb36c68000 	C:\WINDOWS\SYSTEM32\kernel.appcore.dll
0x00007ffb34d30000 - 0x00007ffb34d3a000 	C:\Program Files\Java\jdk-21\bin\jimage.dll

dbghelp: loading error: 1455
symbol engine: initialization error.

VM Arguments:
java_command: <unknown>
java_class_path (initial): <not set>
Launcher Type: SUN_STANDARD

[Global flags]
     bool UseLargePagesIndividualAllocation        = false                                  {pd product} {ergonomic}

Logging:
Log output configuration:
 #0: stdout all=warning uptime,level,tags foldmultilines=false
 #1: stderr all=off uptime,level,tags foldmultilines=false

Environment Variables:
JAVA_HOME=C:\Program Files\Java\jdk-21
PATH=C:/Program Files/Java/jdk-21/bin/server;C:/Program Files/Java/jdk-21/bin;C:\Program Files\Java\jdk-21\bin;C:\WINDOWS\system32;C:\WINDOWS;C:\WINDOWS\System32\Wbem;C:\WINDOWS\System32\WindowsPowerShell\v1.0\;C:\WINDOWS\System32\OpenSSH\;C:\Program Files\dotnet\;C:\Program Files\Git\cmd;C:\Program Files\nodejs\;C:\Users\facun\AppData\Local\Microsoft\WindowsApps;C:\Users\facun\AppData\Local\Programs\Microsoft VS Code\bin;C:\Users\facun\AppData\Roaming\npm;C:\Program Files\MongoDB\Server\6.0\bin;;C:\Users\facun\Desktop;
USERNAME=facun
OS=Windows_NT
PROCESSOR_IDENTIFIER=AMD64 Family 23 Model 24 Stepping 1, AuthenticAMD
TMP=C:\Users\facun\AppData\Local\Temp
TEMP=C:\Users\facun\AppData\Local\Temp




Periodic native trim disabled

---------------  S Y S T E M  ---------------

OS:
 Windows 11 , 64 bit Build 22621 (10.0.22621.3374)
OS uptime: 14 days 0:16 hours

CPU: total 8 (initial active 0) 
Processor Information for all 8 processors :
  Max Mhz: 2300, Current Mhz: 2300, Mhz Limit: 2300

Memory: 4k page, system-wide physical 6030M (284M free)
TotalPageFile size 24462M (AvailPageFile size 5M)
current process WorkingSet (physical memory assigned to process): 6M, peak: 6M
current process commit charge ("private bytes"): 2M, peak: 2M

vm_info: Java HotSpot(TM) 64-Bit Server VM (21.0.2+13-LTS-58) for windows-amd64 JRE (21.0.2+13-LTS-58), built on 2024-01-05T18:32:24Z by "mach5one" with MS VC++ 17.1 (VS2022)

END.
